<?xml version="1.0" encoding="UTF-8"?>
<testsuite name="test.selenium.testcases.DeleteContact" tests="1" skipped="0" failures="0" errors="0" timestamp="2020-04-22T13:13:01" hostname="DESKTOP-ULH6INK" time="5.296">
  <properties/>
  <testcase name="deleteContact" classname="test.selenium.testcases.DeleteContact" time="5.296"/>
  <system-out><![CDATA[]]></system-out>
  <system-err><![CDATA[]]></system-err>
</testsuite>
