<?xml version="1.0" encoding="UTF-8"?>
<testsuite name="test.selenium.testcases.NewContact" tests="1" skipped="0" failures="0" errors="0" timestamp="2020-05-18T21:23:20" hostname="DESKTOP-ULH6INK" time="5.199">
  <properties/>
  <testcase name="newBadContact" classname="test.selenium.testcases.NewContact" time="5.199"/>
  <system-out><![CDATA[00:23:20.659 [Test worker] INFO  test.selenium.testcases.TestBase - Start test newBadContact with parameters[]
Hibernate: select contactdat0_.id as id1_0_, contactdat0_.address as address2_0_, contactdat0_.email as email3_0_, contactdat0_.email2 as email4_0_, contactdat0_.email3 as email5_0_, contactdat0_.firstname as firstnam6_0_, contactdat0_.home as home7_0_, contactdat0_.lastname as lastname8_0_, contactdat0_.mobile as mobile9_0_, contactdat0_.photo as photo10_0_, contactdat0_.work as work11_0_ from addressbook contactdat0_ where deprecated='0000-00-00 00:00:00'
Hibernate: select contactdat0_.id as id1_0_, contactdat0_.address as address2_0_, contactdat0_.email as email3_0_, contactdat0_.email2 as email4_0_, contactdat0_.email3 as email5_0_, contactdat0_.firstname as firstnam6_0_, contactdat0_.home as home7_0_, contactdat0_.lastname as lastname8_0_, contactdat0_.mobile as mobile9_0_, contactdat0_.photo as photo10_0_, contactdat0_.work as work11_0_ from addressbook contactdat0_ where deprecated='0000-00-00 00:00:00'
00:23:25.861 [Test worker] INFO  test.selenium.testcases.TestBase - Stop test newBadContact
]]></system-out>
  <system-err><![CDATA[]]></system-err>
</testsuite>
