<?xml version="1.0" encoding="UTF-8"?>
<testsuite name="PointTest" tests="1" skipped="0" failures="0" errors="0" timestamp="2020-01-12T17:49:14" hostname="DESKTOP-ULH6INK" time="0.007">
  <properties/>
  <testcase name="testLength" classname="PointTest" time="0.007"/>
  <system-out><![CDATA[]]></system-out>
  <system-err><![CDATA[]]></system-err>
</testsuite>
