<?xml version="1.0" encoding="UTF-8"?>
<testsuite name="test.selenium.testcases.ModifyGroup" tests="1" skipped="0" failures="0" errors="0" timestamp="2020-05-19T12:48:17" hostname="DESKTOP-ULH6INK" time="1.824">
  <properties/>
  <testcase name="groupMod" classname="test.selenium.testcases.ModifyGroup" time="1.824"/>
  <system-out><![CDATA[15:48:17.613 [Test worker] INFO  test.selenium.testcases.TestBase - Start test groupMod with parameters[]
Hibernate: select groupdata0_.group_id as group_id1_1_, groupdata0_.group_footer as group_fo2_1_, groupdata0_.group_header as group_he3_1_, groupdata0_.group_name as group_na4_1_ from group_list groupdata0_
Hibernate: select groupdata0_.group_id as group_id1_1_, groupdata0_.group_footer as group_fo2_1_, groupdata0_.group_header as group_he3_1_, groupdata0_.group_name as group_na4_1_ from group_list groupdata0_
Hibernate: select groupdata0_.group_id as group_id1_1_, groupdata0_.group_footer as group_fo2_1_, groupdata0_.group_header as group_he3_1_, groupdata0_.group_name as group_na4_1_ from group_list groupdata0_
Hibernate: select groupdata0_.group_id as group_id1_1_, groupdata0_.group_footer as group_fo2_1_, groupdata0_.group_header as group_he3_1_, groupdata0_.group_name as group_na4_1_ from group_list groupdata0_
15:48:19.709 [Test worker] INFO  test.selenium.testcases.TestBase - Stop test groupMod
]]></system-out>
  <system-err><![CDATA[]]></system-err>
</testsuite>
