<?xml version="1.0" encoding="UTF-8"?>
<testsuite name="test.selenium.testcases.DeleteGroup" tests="1" skipped="0" failures="0" errors="0" timestamp="2020-05-18T20:10:15" hostname="DESKTOP-ULH6INK" time="0.647">
  <properties/>
  <testcase name="deleteGroup" classname="test.selenium.testcases.DeleteGroup" time="0.647"/>
  <system-out><![CDATA[23:10:15.251 [Test worker] INFO  test.selenium.testcases.TestBase - Start test deleteGroup with parameters[]
Hibernate: select groupdata0_.group_id as group_id1_1_, groupdata0_.group_footer as group_fo2_1_, groupdata0_.group_header as group_he3_1_, groupdata0_.group_name as group_na4_1_ from group_list groupdata0_
Hibernate: select groupdata0_.group_id as group_id1_1_, groupdata0_.group_footer as group_fo2_1_, groupdata0_.group_header as group_he3_1_, groupdata0_.group_name as group_na4_1_ from group_list groupdata0_
23:10:16.384 [Test worker] INFO  test.selenium.testcases.TestBase - Stop test deleteGroup
]]></system-out>
  <system-err><![CDATA[]]></system-err>
</testsuite>
