<?xml version="1.0" encoding="UTF-8"?>
<testsuite name="test.selenium.testcases.NewContact" tests="1" skipped="0" failures="0" errors="0" timestamp="2020-04-03T18:10:54" hostname="DESKTOP-ULH6INK" time="15.627">
  <properties/>
  <testcase name="newContact" classname="test.selenium.testcases.NewContact" time="15.627"/>
  <system-out><![CDATA[]]></system-out>
  <system-err><![CDATA[]]></system-err>
</testsuite>
