<?xml version="1.0" encoding="UTF-8"?>
<testsuite name="test.selenium.testcases.NewContact" tests="1" skipped="0" failures="0" errors="0" timestamp="2020-01-31T08:52:12" hostname="DESKTOP-ULH6INK" time="4.112">
  <properties/>
  <testcase name="newContact" classname="test.selenium.testcases.NewContact" time="4.112"/>
  <system-out><![CDATA[]]></system-out>
  <system-err><![CDATA[]]></system-err>
</testsuite>
