<?xml version="1.0" encoding="UTF-8"?>
<testsuite name="test.selenium.testcases.ContactPhone" tests="1" skipped="0" failures="0" errors="0" timestamp="2020-04-22T10:59:28" hostname="DESKTOP-ULH6INK" time="1.433">
  <properties/>
  <testcase name="contactPhone" classname="test.selenium.testcases.ContactPhone" time="1.433"/>
  <system-out><![CDATA[]]></system-out>
  <system-err><![CDATA[]]></system-err>
</testsuite>
