<?xml version="1.0" encoding="UTF-8"?>
<testsuite name="test.selenium.testcases.NewContact" tests="1" skipped="0" failures="0" errors="0" timestamp="2020-02-26T17:26:13" hostname="DESKTOP-ULH6INK" time="4.587">
  <properties/>
  <testcase name="newContact" classname="test.selenium.testcases.NewContact" time="4.587"/>
  <system-out><![CDATA[test
test2
test5
Test99 Test9 555555555
Test99 Test9 555555555
test
test2
test5
Test99 Test9 555555555
Test99 Test9 555555555
Test99 Test9 555555555
]]></system-out>
  <system-err><![CDATA[]]></system-err>
</testsuite>
