<?xml version="1.0" encoding="UTF-8"?>
<testsuite name="test.selenium.testcases.NewContact" tests="1" skipped="0" failures="0" errors="0" timestamp="2020-04-18T16:37:28" hostname="DESKTOP-ULH6INK" time="34.351">
  <properties/>
  <testcase name="newContact[0](ContactData{id=2147483647, firstName='First Name 0', lastName='Last Name 0', allPhones='1234560', address='address 0', email=''})" classname="test.selenium.testcases.NewContact" time="34.351"/>
  <system-out><![CDATA[]]></system-out>
  <system-err><![CDATA[]]></system-err>
</testsuite>
