<?xml version="1.0" encoding="UTF-8"?>
<testsuite name="test.selenium.testcases.NewGroup" tests="2" skipped="0" failures="0" errors="0" timestamp="2020-04-12T14:04:52" hostname="DESKTOP-ULH6INK" time="3.071">
  <properties/>
  <testcase name="createNewGroup" classname="test.selenium.testcases.NewGroup" time="1.637"/>
  <testcase name="createNotGroup" classname="test.selenium.testcases.NewGroup" time="1.433"/>
  <system-out><![CDATA[]]></system-out>
  <system-err><![CDATA[]]></system-err>
</testsuite>
