<?xml version="1.0" encoding="UTF-8"?>
<testsuite name="test.selenium.testcases.ModifyGroup" tests="1" skipped="0" failures="0" errors="0" timestamp="2020-04-12T14:04:30" hostname="DESKTOP-ULH6INK" time="1.412">
  <properties/>
  <testcase name="groupMod" classname="test.selenium.testcases.ModifyGroup" time="1.412"/>
  <system-out><![CDATA[]]></system-out>
  <system-err><![CDATA[]]></system-err>
</testsuite>
