<?xml version="1.0" encoding="UTF-8"?>
<testsuite name="test.selenium.testcases.ContactAddress" tests="1" skipped="0" failures="0" errors="0" timestamp="2020-04-22T10:59:24" hostname="DESKTOP-ULH6INK" time="1.421">
  <properties/>
  <testcase name="contactAddress" classname="test.selenium.testcases.ContactAddress" time="1.421"/>
  <system-out><![CDATA[]]></system-out>
  <system-err><![CDATA[]]></system-err>
</testsuite>
