<?xml version="1.0" encoding="UTF-8"?>
<testsuite name="test.selenium.testcases.ContactModification" tests="1" skipped="0" failures="0" errors="0" timestamp="2020-01-21T22:25:30" hostname="DESKTOP-ULH6INK" time="1.19">
  <properties/>
  <testcase name="contactMod" classname="test.selenium.testcases.ContactModification" time="1.19"/>
  <system-out><![CDATA[]]></system-out>
  <system-err><![CDATA[]]></system-err>
</testsuite>
