<?xml version="1.0" encoding="UTF-8"?>
<testsuite name="test.selenium.testcases.NewContact" tests="1" skipped="0" failures="0" errors="0" timestamp="2020-03-31T21:27:51" hostname="DESKTOP-ULH6INK" time="4.715">
  <properties/>
  <testcase name="newContact" classname="test.selenium.testcases.NewContact" time="4.715"/>
  <system-out><![CDATA[]]></system-out>
  <system-err><![CDATA[]]></system-err>
</testsuite>
