<?xml version="1.0" encoding="UTF-8"?>
<testsuite name="test.selenium.testcases.DeleteTestGroup" tests="1" skipped="0" failures="0" errors="0" timestamp="2020-04-03T18:10:52" hostname="DESKTOP-ULH6INK" time="0.475">
  <properties/>
  <testcase name="deleteGroup" classname="test.selenium.testcases.DeleteTestGroup" time="0.475"/>
  <system-out><![CDATA[]]></system-out>
  <system-err><![CDATA[]]></system-err>
</testsuite>
