<?xml version="1.0" encoding="UTF-8"?>
<testsuite name="test.selenium.testcases.DeleteContact" tests="1" skipped="0" failures="0" errors="0" timestamp="2020-04-13T08:05:20" hostname="DESKTOP-ULH6INK" time="23.532">
  <properties/>
  <testcase name="deleteContact" classname="test.selenium.testcases.DeleteContact" time="23.532"/>
  <system-out><![CDATA[]]></system-out>
  <system-err><![CDATA[]]></system-err>
</testsuite>
