<?xml version="1.0" encoding="UTF-8"?>
<testsuite name="test.selenium.testcases.ContactInfoPage" tests="1" skipped="0" failures="0" errors="0" timestamp="2020-04-22T10:59:27" hostname="DESKTOP-ULH6INK" time="0.415">
  <properties/>
  <testcase name="contactInfoPage" classname="test.selenium.testcases.ContactInfoPage" time="0.415"/>
  <system-out><![CDATA[]]></system-out>
  <system-err><![CDATA[]]></system-err>
</testsuite>
