<?xml version="1.0" encoding="UTF-8"?>
<testsuite name="test.selenium.testcases.NewGroup" tests="1" skipped="0" failures="0" errors="0" timestamp="2020-01-22T17:20:52" hostname="DESKTOP-ULH6INK" time="1.081">
  <properties/>
  <testcase name="createNewGroup" classname="test.selenium.testcases.NewGroup" time="1.081"/>
  <system-out><![CDATA[]]></system-out>
  <system-err><![CDATA[]]></system-err>
</testsuite>
