<?xml version="1.0" encoding="UTF-8"?>
<testsuite name="test.selenium.testcases.ContactInfoPage" tests="1" skipped="0" failures="0" errors="0" timestamp="2020-04-14T16:14:16" hostname="DESKTOP-ULH6INK" time="0.534">
  <properties/>
  <testcase name="contactInfoPage" classname="test.selenium.testcases.ContactInfoPage" time="0.534"/>
  <system-out><![CDATA[]]></system-out>
  <system-err><![CDATA[]]></system-err>
</testsuite>
