<?xml version="1.0" encoding="UTF-8"?>
<testsuite name="test.selenium.testcases.GroupModificationTests" tests="1" skipped="0" failures="0" errors="0" timestamp="2020-01-21T17:32:42" hostname="DESKTOP-ULH6INK" time="1.292">
  <properties/>
  <testcase name="testGroupModification" classname="test.selenium.testcases.GroupModificationTests" time="1.292"/>
  <system-out><![CDATA[]]></system-out>
  <system-err><![CDATA[]]></system-err>
</testsuite>
