<?xml version="1.0" encoding="UTF-8"?>
<testsuite name="test.selenium.testcases.HbConnectionTest" tests="1" skipped="0" failures="0" errors="0" timestamp="2020-05-17T13:24:08" hostname="DESKTOP-ULH6INK" time="0.205">
  <properties/>
  <testcase name="testHbConnectionContacts" classname="test.selenium.testcases.HbConnectionTest" time="0.205"/>
  <system-out><![CDATA[16:24:06.786 [Test worker] INFO  org.hibernate.Version - HHH000412: Hibernate ORM core version 5.4.15.Final
16:24:07.406 [Test worker] INFO  o.h.annotations.common.Version - HCANN000001: Hibernate Commons Annotations {5.1.0.Final}
16:24:07.520 [Test worker] WARN  o.hibernate.orm.connections.pooling - HHH10001002: Using Hibernate built-in connection pool (not for production use!)
16:24:07.529 [Test worker] INFO  o.hibernate.orm.connections.pooling - HHH10001005: using driver [com.mysql.cj.jdbc.Driver] at URL [jdbc:mysql://localhost/addressbook?serverTimezone=UTC]
16:24:07.530 [Test worker] INFO  o.hibernate.orm.connections.pooling - HHH10001001: Connection properties: {password=****, user=root}
16:24:07.530 [Test worker] INFO  o.hibernate.orm.connections.pooling - HHH10001003: Autocommit mode: false
16:24:07.535 [Test worker] INFO  o.h.e.j.c.i.DriverManagerConnectionProviderImpl - HHH000115: Hibernate connection pool size: 1 (min=1)
16:24:07.756 [Test worker] INFO  org.hibernate.dialect.Dialect - HHH000400: Using dialect: org.hibernate.dialect.MySQL5Dialect
16:24:08.496 [Test worker] INFO  org.hibernate.orm.connections.access - HHH10001501: Connection obtained from JdbcConnectionAccess [org.hibernate.engine.jdbc.env.internal.JdbcEnvironmentInitiator$ConnectionProviderJdbcConnectionAccess@1574b87d] for (non-JTA) DDL execution was not in auto-commit mode; the Connection 'local transaction' will be committed and the Connection will be set into auto-commit mode.
16:24:08.556 [Test worker] INFO  o.h.e.t.j.p.i.JtaPlatformInitiator - HHH000490: Using JtaPlatform implementation: [org.hibernate.engine.transaction.jta.platform.internal.NoJtaPlatform]
Hibernate: select contactdat0_.id as id1_0_, contactdat0_.address as address2_0_, contactdat0_.email as email3_0_, contactdat0_.email2 as email4_0_, contactdat0_.email3 as email5_0_, contactdat0_.firstname as firstnam6_0_, contactdat0_.home as home7_0_, contactdat0_.lastname as lastname8_0_, contactdat0_.mobile as mobile9_0_, contactdat0_.photo as photo10_0_, contactdat0_.work as work11_0_ from addressbook contactdat0_ where deprecated='0000-00-00 00:00:00'
ContactData{id=2, firstName='First Name 1', lastName='Last Name 1', mobileNumber='1234561', allPhones='', address='address 1', emails='', email1='1@mail.ru', photo=PHOTO;ENCODING=BASE64;TYPE=JPEG:/9j/4AAQSkZJRgABAQAAAQABAAD//gA7Q1JFQVRPUjogZ2QtanBlZyB2MS4wICh1c2luZyBJSkcgSlBFRyB2OTApLCBxdWFsaXR5ID0gNzUK/9sAQwAIBgYHBgUIBwcHCQkICgwUDQwLCwwZEhMPFB0aHx4dGhwcICQuJyAiLCMcHCg3KSwwMTQ0NB8nOT04MjwuMzQy/9sAQwEJCQkMCwwYDQ0YMiEcITIyMjIyMjIyMjIyMjIyMjIyMjIyMjIyMjIyMjIyMjIyMjIyMjIyMjIyMjIyMjIyMjIy/8AAEQgAYACWAwEiAAIRAQMRAf/EAB8AAAEFAQEBAQEBAAAAAAAAAAABAgMEBQYHCAkKC//EALUQAAIBAwMCBAMFBQQEAAABfQECAwAEEQUSITFBBhNRYQcicRQygZGhCCNCscEVUtHwJDNicoIJChYXGBkaJSYnKCkqNDU2Nzg5OkNERUZHSElKU1RVVldYWVpjZGVmZ2hpanN0dXZ3eHl6g4SFhoeIiYqSk5SVlpeYmZqio6Slpqeoqaqys7S1tre4ubrCw8TFxsfIycrS09TV1tfY2drh4uPk5ebn6Onq8fLz9PX29/j5+v/EAB8BAAMBAQEBAQEBAQEAAAAAAAABAgMEBQYHCAkKC//EALURAAIBAgQEAwQHBQQEAAECdwABAgMRBAUhMQYSQVEHYXETIjKBCBRCkaGxwQkjM1LwFWJy0QoWJDThJfEXGBkaJicoKSo1Njc4OTpDREVGR0hJSlNUVVZXWFlaY2RlZmdoaWpzdHV2d3h5eoKDhIWGh4iJipKTlJWWl5iZmqKjpKWmp6ipqrKztLW2t7i5usLDxMXGx8jJytLT1NXW19jZ2uLj5OXm5+jp6vLz9PX29/j5+v/aAAwDAQACEQMRAD8A9TxS4paXFUMTFGKdRQA3FLilpaAG7aXbS1Vv9TsdLg86/u4baPs0rhc/TPWgCzto21yMvxO8LJIUjvnmI6mOJsfqBUafFPwsZNsl1NF7vA2P0zQB2eyjZVHTNc0zWYjJp19BcgdRG2SPqOo/Gr9ACbKNtLSZoATbRtpaKAG4oxS0UCG4opaKYDttAWngU7FIoj20u2n4pdtAhm2jbUm2l20AZms3p0vRbu+VQzQxlgD0z2z7V4BfzXWq3P229LX1/O5CiY/u4l+n9OgxXvviZf8AimNT+QP/AKM/ynvxXzfba4ls3lOiuiybgko5U+nPB/zxQB0On6BqkhLfbJE/2IkCr+Q/wov/AA5qsO6Vb2Uk9VkUFT9R/wDWp2m+M7q3URId8OcIhQjYPQMpHH1zUeseMbm8tWgkHlwtwwCksR/vOWx+FF2KxnWqXNnM1zCfsOpWxDJLAcLLz0IHAr3/AMO38mreHrK+mUCWWPL46EgkE/pXzg+sG4cQRRqsROWCHJP1PT/PSvonwYS/hDTWKhf3ZGB2wxFAzZ20bakxRtoAi20bakxRigCLFGKkxSEUAR4op+KKAJAtLingUu2kMZilxT9tLigBmKMU/FGKAMvXo/M8P6imcZtpP/QTXzVqNvDJITNEA394Dr/n3r6fvUEtpPERkPGy49cjFfN+sQm0umjYgjPB/wAfegRlWa6dbuPO0yG6X0Z2X/0E1NdyadMmLfRrW246hnc/+PGovMZeVZl6dDinGWR8h5Hbnuc0CIreJEkGyPHvjFfSXg5NvhLTh/0y/qa+e7SDzp403BckcmvpDw/CLfQbGEDG2FePwoGjQ20bafUN5dwWFnLd3UqxQQqXd26ACgY/bSYrwHxF8Tte1DVZJNNvJLKzVsRRIACR6se5P5U/S/i54jsWH2x4b6MdRLGFbHsVx+uadhXPesUhWsvwz4htfFGiRajagoGJWSNjkxuOo/l+da5FAyLFFPooAkApcUoFOApANxTsUoFcj4l+Imi+HJHt3Zrm6Xgxx9FPoT/hmgDrcUEV47J8ariRj9j06Jj2jCtI35ggVf0j4s6hcTE6joeyAZ+aJsN044LUWYj0uZeK+cviCs2n6/JGyFGYEbgPvA/zr3nQvFOleJY2FnKVnUfPBIMOv4d/85qh4m8K2WuQ7bu33kdHX7wpXsO1zwHTTG9oN6xsd2cupz9KmuxGBI0ZVFzkBE5rvz8N44Wxb3OI8/dZSD+f/wBalX4dK74kugI+4C5J/lRdBZnn3hkS3mtxRQxM77uCeT/9avpmwhMNnDETkogUn6CuY8M+D7HRjvt7fD/89HHP/wBarnjnVLnRvDDGxJW6uJVt43HVS2SSPwBovcLWOlGM4yMivGfid4rOp3R0Wyk/0SBv3zKf9Y47fQfz+grkrsX9sxdN7yt951kOTnrk9aZpugatrE2y2SNznG0SKp/8eIpiMVoQaiktsqcV19x8N/FsKFhZlvYFG/k2a5+8stU0mTZqNhLFjqSpHHrg0wPQPglftHdappTnhkWdAe2DtP8ANfyr2MivB/hncRp43spIXBW4jkibH+6WH8q95pAMxRT8UUDHgU4ClApwFIdjE8WXs+neFtRurZ/LmSE7HxnaTxn9a+Y7hVlvWa8YyydRngH3xX1jeWcV9Zy206B4pVKMp7g14f4o+FOrWcrvpY+2Wmcqv/LSMeg9aaYmjhjqEFtHgEKB0VcCqza65b90gH1NT3Pha6tXzeWl5bZO3MseBmrdh4RubyQLZ2dzck/3YyQPyp3FYb4b1nUbTxFaXsX+sWZScN94dMcexxX1NtDDmvMPA/wvewvItS1hEEkR3RW+c7T6nHH4c16oExUt3GtCs1pE/LRqfqKFtIUOVjUH6Va20mKQyLYB2rnfGVus2jhmGTE+9fY4I/kTXTYqpqFjHf2clvJ91xjI7UAeBXY/eNVE9a6rxB4Y1LTLlt8JeEn5Zl+7+Pp+NcxLE8bAOpUkZGfSqEd/4G8amEppGqzExk4t53P3f9hj6eh7dPTHoV9p9rqFu0F3Ak0bfwuM188kc101r4n1+60ldEhlaRG+UMqky7f7ob0/DPvQBY8OeGrG1+J0k+mTbrKByV2nI34OQPYdK9ixxXIeDPDE2mR/artQkrDCx/3R712WKAI8UU4iigCYCnAUgp4FIBAKXbmnYpQKQEflIeqj8qcEUdBT8UuKAuMx7UYp9GKAGYpMU/FGKAI8UhFSYpMUDuRMisMMoI96yLvwpol6xabToC3qq7T+lbeKTFAHNJ4F8Oo24achP+0xP9a1rTSrGwTba2sUI/2EAq/ijFMVyLbSEVKRTTQBFiinEUUwP//Z}
ContactData{id=3, firstName='First Name 0', lastName='Last Name 0', mobileNumber='1234560', allPhones='', address='address 0', emails='', email1='0@mail.ru', photo=PHOTO;ENCODING=BASE64;TYPE=JPEG:/9j/4AAQSkZJRgABAQAAAQABAAD//gA7Q1JFQVRPUjogZ2QtanBlZyB2MS4wICh1c2luZyBJSkcgSlBFRyB2OTApLCBxdWFsaXR5ID0gNzUK/9sAQwAIBgYHBgUIBwcHCQkICgwUDQwLCwwZEhMPFB0aHx4dGhwcICQuJyAiLCMcHCg3KSwwMTQ0NB8nOT04MjwuMzQy/9sAQwEJCQkMCwwYDQ0YMiEcITIyMjIyMjIyMjIyMjIyMjIyMjIyMjIyMjIyMjIyMjIyMjIyMjIyMjIyMjIyMjIyMjIy/8AAEQgAYACWAwEiAAIRAQMRAf/EAB8AAAEFAQEBAQEBAAAAAAAAAAABAgMEBQYHCAkKC//EALUQAAIBAwMCBAMFBQQEAAABfQECAwAEEQUSITFBBhNRYQcicRQygZGhCCNCscEVUtHwJDNicoIJChYXGBkaJSYnKCkqNDU2Nzg5OkNERUZHSElKU1RVVldYWVpjZGVmZ2hpanN0dXZ3eHl6g4SFhoeIiYqSk5SVlpeYmZqio6Slpqeoqaqys7S1tre4ubrCw8TFxsfIycrS09TV1tfY2drh4uPk5ebn6Onq8fLz9PX29/j5+v/EAB8BAAMBAQEBAQEBAQEAAAAAAAABAgMEBQYHCAkKC//EALURAAIBAgQEAwQHBQQEAAECdwABAgMRBAUhMQYSQVEHYXETIjKBCBRCkaGxwQkjM1LwFWJy0QoWJDThJfEXGBkaJicoKSo1Njc4OTpDREVGR0hJSlNUVVZXWFlaY2RlZmdoaWpzdHV2d3h5eoKDhIWGh4iJipKTlJWWl5iZmqKjpKWmp6ipqrKztLW2t7i5usLDxMXGx8jJytLT1NXW19jZ2uLj5OXm5+jp6vLz9PX29/j5+v/aAAwDAQACEQMRAD8A9TxS4paXFUMTFGKdRQA3FLilpaAG7aXbS1Vv9TsdLg86/u4baPs0rhc/TPWgCzto21yMvxO8LJIUjvnmI6mOJsfqBUafFPwsZNsl1NF7vA2P0zQB2eyjZVHTNc0zWYjJp19BcgdRG2SPqOo/Gr9ACbKNtLSZoATbRtpaKAG4oxS0UCG4opaKYDttAWngU7FIoj20u2n4pdtAhm2jbUm2l20AZms3p0vRbu+VQzQxlgD0z2z7V4BfzXWq3P229LX1/O5CiY/u4l+n9OgxXvviZf8AimNT+QP/AKM/ynvxXzfba4ls3lOiuiybgko5U+nPB/zxQB0On6BqkhLfbJE/2IkCr+Q/wov/AA5qsO6Vb2Uk9VkUFT9R/wDWp2m+M7q3URId8OcIhQjYPQMpHH1zUeseMbm8tWgkHlwtwwCksR/vOWx+FF2KxnWqXNnM1zCfsOpWxDJLAcLLz0IHAr3/AMO38mreHrK+mUCWWPL46EgkE/pXzg+sG4cQRRqsROWCHJP1PT/PSvonwYS/hDTWKhf3ZGB2wxFAzZ20bakxRtoAi20bakxRigCLFGKkxSEUAR4op+KKAJAtLingUu2kMZilxT9tLigBmKMU/FGKAMvXo/M8P6imcZtpP/QTXzVqNvDJITNEA394Dr/n3r6fvUEtpPERkPGy49cjFfN+sQm0umjYgjPB/wAfegRlWa6dbuPO0yG6X0Z2X/0E1NdyadMmLfRrW246hnc/+PGovMZeVZl6dDinGWR8h5Hbnuc0CIreJEkGyPHvjFfSXg5NvhLTh/0y/qa+e7SDzp403BckcmvpDw/CLfQbGEDG2FePwoGjQ20bafUN5dwWFnLd3UqxQQqXd26ACgY/bSYrwHxF8Tte1DVZJNNvJLKzVsRRIACR6se5P5U/S/i54jsWH2x4b6MdRLGFbHsVx+uadhXPesUhWsvwz4htfFGiRajagoGJWSNjkxuOo/l+da5FAyLFFPooAkApcUoFOApANxTsUoFcj4l+Imi+HJHt3Zrm6Xgxx9FPoT/hmgDrcUEV47J8ariRj9j06Jj2jCtI35ggVf0j4s6hcTE6joeyAZ+aJsN044LUWYj0uZeK+cviCs2n6/JGyFGYEbgPvA/zr3nQvFOleJY2FnKVnUfPBIMOv4d/85qh4m8K2WuQ7bu33kdHX7wpXsO1zwHTTG9oN6xsd2cupz9KmuxGBI0ZVFzkBE5rvz8N44Wxb3OI8/dZSD+f/wBalX4dK74kugI+4C5J/lRdBZnn3hkS3mtxRQxM77uCeT/9avpmwhMNnDETkogUn6CuY8M+D7HRjvt7fD/89HHP/wBarnjnVLnRvDDGxJW6uJVt43HVS2SSPwBovcLWOlGM4yMivGfid4rOp3R0Wyk/0SBv3zKf9Y47fQfz+grkrsX9sxdN7yt951kOTnrk9aZpugatrE2y2SNznG0SKp/8eIpiMVoQaiktsqcV19x8N/FsKFhZlvYFG/k2a5+8stU0mTZqNhLFjqSpHHrg0wPQPglftHdappTnhkWdAe2DtP8ANfyr2MivB/hncRp43spIXBW4jkibH+6WH8q95pAMxRT8UUDHgU4ClApwFIdjE8WXs+neFtRurZ/LmSE7HxnaTxn9a+Y7hVlvWa8YyydRngH3xX1jeWcV9Zy206B4pVKMp7g14f4o+FOrWcrvpY+2Wmcqv/LSMeg9aaYmjhjqEFtHgEKB0VcCqza65b90gH1NT3Pha6tXzeWl5bZO3MseBmrdh4RubyQLZ2dzck/3YyQPyp3FYb4b1nUbTxFaXsX+sWZScN94dMcexxX1NtDDmvMPA/wvewvItS1hEEkR3RW+c7T6nHH4c16oExUt3GtCs1pE/LRqfqKFtIUOVjUH6Va20mKQyLYB2rnfGVus2jhmGTE+9fY4I/kTXTYqpqFjHf2clvJ91xjI7UAeBXY/eNVE9a6rxB4Y1LTLlt8JeEn5Zl+7+Pp+NcxLE8bAOpUkZGfSqEd/4G8amEppGqzExk4t53P3f9hj6eh7dPTHoV9p9rqFu0F3Ak0bfwuM188kc101r4n1+60ldEhlaRG+UMqky7f7ob0/DPvQBY8OeGrG1+J0k+mTbrKByV2nI34OQPYdK9ixxXIeDPDE2mR/artQkrDCx/3R712WKAI8UU4iigCYCnAUgp4FIBAKXbmnYpQKQEflIeqj8qcEUdBT8UuKAuMx7UYp9GKAGYpMU/FGKAI8UhFSYpMUDuRMisMMoI96yLvwpol6xabToC3qq7T+lbeKTFAHNJ4F8Oo24achP+0xP9a1rTSrGwTba2sUI/2EAq/ijFMVyLbSEVKRTTQBFiinEUUwP//Z}
ContactData{id=4, firstName='First Name 1', lastName='Last Name 1', mobileNumber='1234561', allPhones='', address='address 1', emails='', email1='1@mail.ru', photo=PHOTO;ENCODING=BASE64;TYPE=JPEG:/9j/4AAQSkZJRgABAQAAAQABAAD//gA7Q1JFQVRPUjogZ2QtanBlZyB2MS4wICh1c2luZyBJSkcgSlBFRyB2OTApLCBxdWFsaXR5ID0gNzUK/9sAQwAIBgYHBgUIBwcHCQkICgwUDQwLCwwZEhMPFB0aHx4dGhwcICQuJyAiLCMcHCg3KSwwMTQ0NB8nOT04MjwuMzQy/9sAQwEJCQkMCwwYDQ0YMiEcITIyMjIyMjIyMjIyMjIyMjIyMjIyMjIyMjIyMjIyMjIyMjIyMjIyMjIyMjIyMjIyMjIy/8AAEQgAYACWAwEiAAIRAQMRAf/EAB8AAAEFAQEBAQEBAAAAAAAAAAABAgMEBQYHCAkKC//EALUQAAIBAwMCBAMFBQQEAAABfQECAwAEEQUSITFBBhNRYQcicRQygZGhCCNCscEVUtHwJDNicoIJChYXGBkaJSYnKCkqNDU2Nzg5OkNERUZHSElKU1RVVldYWVpjZGVmZ2hpanN0dXZ3eHl6g4SFhoeIiYqSk5SVlpeYmZqio6Slpqeoqaqys7S1tre4ubrCw8TFxsfIycrS09TV1tfY2drh4uPk5ebn6Onq8fLz9PX29/j5+v/EAB8BAAMBAQEBAQEBAQEAAAAAAAABAgMEBQYHCAkKC//EALURAAIBAgQEAwQHBQQEAAECdwABAgMRBAUhMQYSQVEHYXETIjKBCBRCkaGxwQkjM1LwFWJy0QoWJDThJfEXGBkaJicoKSo1Njc4OTpDREVGR0hJSlNUVVZXWFlaY2RlZmdoaWpzdHV2d3h5eoKDhIWGh4iJipKTlJWWl5iZmqKjpKWmp6ipqrKztLW2t7i5usLDxMXGx8jJytLT1NXW19jZ2uLj5OXm5+jp6vLz9PX29/j5+v/aAAwDAQACEQMRAD8A9TxS4paXFUMTFGKdRQA3FLilpaAG7aXbS1Vv9TsdLg86/u4baPs0rhc/TPWgCzto21yMvxO8LJIUjvnmI6mOJsfqBUafFPwsZNsl1NF7vA2P0zQB2eyjZVHTNc0zWYjJp19BcgdRG2SPqOo/Gr9ACbKNtLSZoATbRtpaKAG4oxS0UCG4opaKYDttAWngU7FIoj20u2n4pdtAhm2jbUm2l20AZms3p0vRbu+VQzQxlgD0z2z7V4BfzXWq3P229LX1/O5CiY/u4l+n9OgxXvviZf8AimNT+QP/AKM/ynvxXzfba4ls3lOiuiybgko5U+nPB/zxQB0On6BqkhLfbJE/2IkCr+Q/wov/AA5qsO6Vb2Uk9VkUFT9R/wDWp2m+M7q3URId8OcIhQjYPQMpHH1zUeseMbm8tWgkHlwtwwCksR/vOWx+FF2KxnWqXNnM1zCfsOpWxDJLAcLLz0IHAr3/AMO38mreHrK+mUCWWPL46EgkE/pXzg+sG4cQRRqsROWCHJP1PT/PSvonwYS/hDTWKhf3ZGB2wxFAzZ20bakxRtoAi20bakxRigCLFGKkxSEUAR4op+KKAJAtLingUu2kMZilxT9tLigBmKMU/FGKAMvXo/M8P6imcZtpP/QTXzVqNvDJITNEA394Dr/n3r6fvUEtpPERkPGy49cjFfN+sQm0umjYgjPB/wAfegRlWa6dbuPO0yG6X0Z2X/0E1NdyadMmLfRrW246hnc/+PGovMZeVZl6dDinGWR8h5Hbnuc0CIreJEkGyPHvjFfSXg5NvhLTh/0y/qa+e7SDzp403BckcmvpDw/CLfQbGEDG2FePwoGjQ20bafUN5dwWFnLd3UqxQQqXd26ACgY/bSYrwHxF8Tte1DVZJNNvJLKzVsRRIACR6se5P5U/S/i54jsWH2x4b6MdRLGFbHsVx+uadhXPesUhWsvwz4htfFGiRajagoGJWSNjkxuOo/l+da5FAyLFFPooAkApcUoFOApANxTsUoFcj4l+Imi+HJHt3Zrm6Xgxx9FPoT/hmgDrcUEV47J8ariRj9j06Jj2jCtI35ggVf0j4s6hcTE6joeyAZ+aJsN044LUWYj0uZeK+cviCs2n6/JGyFGYEbgPvA/zr3nQvFOleJY2FnKVnUfPBIMOv4d/85qh4m8K2WuQ7bu33kdHX7wpXsO1zwHTTG9oN6xsd2cupz9KmuxGBI0ZVFzkBE5rvz8N44Wxb3OI8/dZSD+f/wBalX4dK74kugI+4C5J/lRdBZnn3hkS3mtxRQxM77uCeT/9avpmwhMNnDETkogUn6CuY8M+D7HRjvt7fD/89HHP/wBarnjnVLnRvDDGxJW6uJVt43HVS2SSPwBovcLWOlGM4yMivGfid4rOp3R0Wyk/0SBv3zKf9Y47fQfz+grkrsX9sxdN7yt951kOTnrk9aZpugatrE2y2SNznG0SKp/8eIpiMVoQaiktsqcV19x8N/FsKFhZlvYFG/k2a5+8stU0mTZqNhLFjqSpHHrg0wPQPglftHdappTnhkWdAe2DtP8ANfyr2MivB/hncRp43spIXBW4jkibH+6WH8q95pAMxRT8UUDHgU4ClApwFIdjE8WXs+neFtRurZ/LmSE7HxnaTxn9a+Y7hVlvWa8YyydRngH3xX1jeWcV9Zy206B4pVKMp7g14f4o+FOrWcrvpY+2Wmcqv/LSMeg9aaYmjhjqEFtHgEKB0VcCqza65b90gH1NT3Pha6tXzeWl5bZO3MseBmrdh4RubyQLZ2dzck/3YyQPyp3FYb4b1nUbTxFaXsX+sWZScN94dMcexxX1NtDDmvMPA/wvewvItS1hEEkR3RW+c7T6nHH4c16oExUt3GtCs1pE/LRqfqKFtIUOVjUH6Va20mKQyLYB2rnfGVus2jhmGTE+9fY4I/kTXTYqpqFjHf2clvJ91xjI7UAeBXY/eNVE9a6rxB4Y1LTLlt8JeEn5Zl+7+Pp+NcxLE8bAOpUkZGfSqEd/4G8amEppGqzExk4t53P3f9hj6eh7dPTHoV9p9rqFu0F3Ak0bfwuM188kc101r4n1+60ldEhlaRG+UMqky7f7ob0/DPvQBY8OeGrG1+J0k+mTbrKByV2nI34OQPYdK9ixxXIeDPDE2mR/artQkrDCx/3R712WKAI8UU4iigCYCnAUgp4FIBAKXbmnYpQKQEflIeqj8qcEUdBT8UuKAuMx7UYp9GKAGYpMU/FGKAI8UhFSYpMUDuRMisMMoI96yLvwpol6xabToC3qq7T+lbeKTFAHNJ4F8Oo24achP+0xP9a1rTSrGwTba2sUI/2EAq/ijFMVyLbSEVKRTTQBFiinEUUwP//Z}
]]></system-out>
  <system-err><![CDATA[]]></system-err>
</testsuite>
