<?xml version="1.0" encoding="UTF-8"?>
<testsuite name="test.selenium.testcases.HbConnectionTest" tests="1" skipped="0" failures="0" errors="0" timestamp="2020-05-04T19:19:41" hostname="DESKTOP-ULH6INK" time="0.203">
  <properties/>
  <testcase name="testHbConnection" classname="test.selenium.testcases.HbConnectionTest" time="0.203"/>
  <system-out><![CDATA[22:19:39.357 [Test worker] INFO  org.hibernate.Version - HHH000412: Hibernate ORM core version 5.4.15.Final
22:19:40.007 [Test worker] INFO  o.h.annotations.common.Version - HCANN000001: Hibernate Commons Annotations {5.1.0.Final}
22:19:40.134 [Test worker] WARN  o.hibernate.orm.connections.pooling - HHH10001002: Using Hibernate built-in connection pool (not for production use!)
22:19:40.146 [Test worker] INFO  o.hibernate.orm.connections.pooling - HHH10001005: using driver [com.mysql.jdbc.Driver] at URL [jdbc:mysql://localhost/addressbook]
22:19:40.147 [Test worker] INFO  o.hibernate.orm.connections.pooling - HHH10001001: Connection properties: {password=****, user=root}
22:19:40.148 [Test worker] INFO  o.hibernate.orm.connections.pooling - HHH10001003: Autocommit mode: false
22:19:40.153 [Test worker] INFO  o.h.e.j.c.i.DriverManagerConnectionProviderImpl - HHH000115: Hibernate connection pool size: 1 (min=1)
22:19:40.433 [Test worker] INFO  org.hibernate.dialect.Dialect - HHH000400: Using dialect: org.hibernate.dialect.MySQL5Dialect
22:19:41.103 [Test worker] INFO  org.hibernate.orm.connections.access - HHH10001501: Connection obtained from JdbcConnectionAccess [org.hibernate.engine.jdbc.env.internal.JdbcEnvironmentInitiator$ConnectionProviderJdbcConnectionAccess@11eaf372] for (non-JTA) DDL execution was not in auto-commit mode; the Connection 'local transaction' will be committed and the Connection will be set into auto-commit mode.
22:19:41.152 [Test worker] INFO  o.h.e.t.j.p.i.JtaPlatformInitiator - HHH000490: Using JtaPlatform implementation: [org.hibernate.engine.transaction.jta.platform.internal.NoJtaPlatform]
Hibernate: select groupdata0_.group_id as group_id1_0_, groupdata0_.group_footer as group_fo2_0_, groupdata0_.group_header as group_he3_0_, groupdata0_.group_name as group_na4_0_ from group_list groupdata0_
GroupData{groupId='1', groupName='test 0'}
GroupData{groupId='2', groupName='test 1'}
GroupData{groupId='3', groupName='test 2'}
]]></system-out>
  <system-err><![CDATA[]]></system-err>
</testsuite>
