<?xml version="1.0" encoding="UTF-8"?>
<testsuite name="test.selenium.testcases.HbConnectionTest" tests="1" skipped="0" failures="0" errors="0" timestamp="2020-05-19T19:00:07" hostname="DESKTOP-ULH6INK" time="0.294">
  <properties/>
  <testcase name="testHbConnectionContacts" classname="test.selenium.testcases.HbConnectionTest" time="0.294"/>
  <system-out><![CDATA[22:00:05.666 [Test worker] INFO  org.hibernate.Version - HHH000412: Hibernate ORM core version 5.4.15.Final
22:00:06.339 [Test worker] INFO  o.h.annotations.common.Version - HCANN000001: Hibernate Commons Annotations {5.1.0.Final}
22:00:06.464 [Test worker] WARN  o.hibernate.orm.connections.pooling - HHH10001002: Using Hibernate built-in connection pool (not for production use!)
22:00:06.474 [Test worker] INFO  o.hibernate.orm.connections.pooling - HHH10001005: using driver [com.mysql.cj.jdbc.Driver] at URL [jdbc:mysql://localhost/addressbook?serverTimezone=UTC]
22:00:06.474 [Test worker] INFO  o.hibernate.orm.connections.pooling - HHH10001001: Connection properties: {password=****, user=root}
22:00:06.475 [Test worker] INFO  o.hibernate.orm.connections.pooling - HHH10001003: Autocommit mode: false
22:00:06.478 [Test worker] INFO  o.h.e.j.c.i.DriverManagerConnectionProviderImpl - HHH000115: Hibernate connection pool size: 1 (min=1)
22:00:06.753 [Test worker] INFO  org.hibernate.dialect.Dialect - HHH000400: Using dialect: org.hibernate.dialect.MySQL5Dialect
22:00:07.549 [Test worker] INFO  org.hibernate.orm.connections.access - HHH10001501: Connection obtained from JdbcConnectionAccess [org.hibernate.engine.jdbc.env.internal.JdbcEnvironmentInitiator$ConnectionProviderJdbcConnectionAccess@2d760f6a] for (non-JTA) DDL execution was not in auto-commit mode; the Connection 'local transaction' will be committed and the Connection will be set into auto-commit mode.
22:00:07.600 [Test worker] INFO  o.h.e.t.j.p.i.JtaPlatformInitiator - HHH000490: Using JtaPlatform implementation: [org.hibernate.engine.transaction.jta.platform.internal.NoJtaPlatform]
Hibernate: select contactdat0_.id as id1_1_, contactdat0_.address as address2_1_, contactdat0_.email as email3_1_, contactdat0_.email2 as email4_1_, contactdat0_.email3 as email5_1_, contactdat0_.firstname as firstnam6_1_, contactdat0_.home as home7_1_, contactdat0_.lastname as lastname8_1_, contactdat0_.mobile as mobile9_1_, contactdat0_.photo as photo10_1_, contactdat0_.work as work11_1_ from addressbook contactdat0_ where deprecated='0000-00-00 00:00:00'
ContactData{id=18, firstName='Test123', lastName='Test988', companyName='', homeNumber='', mobileNumber='45465', workNumber='', address='address', email1='email123', email2='', email3=''}
Hibernate: select groups0_.id as id1_0_0_, groups0_.group_id as group_id2_0_0_, groupdata1_.group_id as group_id1_2_1_, groupdata1_.group_footer as group_fo2_2_1_, groupdata1_.group_header as group_he3_2_1_, groupdata1_.group_name as group_na4_2_1_ from address_in_groups groups0_ inner join group_list groupdata1_ on groups0_.group_id=groupdata1_.group_id where groups0_.id=?
[GroupData{groupId='2', groupName='test 1'}, GroupData{groupId='3', groupName='test 2'}]
ContactData{id=20, firstName='Test123', lastName='Test988', companyName='', homeNumber='', mobileNumber='45465', workNumber='', address='address', email1='email123', email2='', email3=''}
Hibernate: select groups0_.id as id1_0_0_, groups0_.group_id as group_id2_0_0_, groupdata1_.group_id as group_id1_2_1_, groupdata1_.group_footer as group_fo2_2_1_, groupdata1_.group_header as group_he3_2_1_, groupdata1_.group_name as group_na4_2_1_ from address_in_groups groups0_ inner join group_list groupdata1_ on groups0_.group_id=groupdata1_.group_id where groups0_.id=?
[]
]]></system-out>
  <system-err><![CDATA[]]></system-err>
</testsuite>
