<?xml version="1.0" encoding="UTF-8"?>
<testsuite name="test.selenium.testcases.NewContact" tests="2" skipped="0" failures="0" errors="0" timestamp="2020-04-12T14:04:32" hostname="DESKTOP-ULH6INK" time="20.527">
  <properties/>
  <testcase name="newBadContact" classname="test.selenium.testcases.NewContact" time="15.187"/>
  <testcase name="newContact" classname="test.selenium.testcases.NewContact" time="5.339"/>
  <system-out><![CDATA[]]></system-out>
  <system-err><![CDATA[]]></system-err>
</testsuite>
