<?xml version="1.0" encoding="UTF-8"?>
<testsuite name="test.selenium.testcases.ContactModification" tests="1" skipped="0" failures="0" errors="0" timestamp="2020-04-02T21:54:11" hostname="DESKTOP-ULH6INK" time="15.52">
  <properties/>
  <testcase name="contactMod" classname="test.selenium.testcases.ContactModification" time="15.52"/>
  <system-out><![CDATA[]]></system-out>
  <system-err><![CDATA[]]></system-err>
</testsuite>
