<?xml version="1.0" encoding="UTF-8"?>
<testsuite name="test.selenium.testcases.NewGroup" tests="4" skipped="0" failures="0" errors="0" timestamp="2020-04-22T11:00:31" hostname="DESKTOP-ULH6INK" time="5.861">
  <properties/>
  <testcase name="createBadGroup" classname="test.selenium.testcases.NewGroup" time="1.374"/>
  <testcase name="createNewGroup[0](GroupData{groupId='2147483647', groupName='test 0'})" classname="test.selenium.testcases.NewGroup" time="1.458"/>
  <testcase name="createNewGroup[1](GroupData{groupId='2147483647', groupName='test 1'})" classname="test.selenium.testcases.NewGroup" time="1.478"/>
  <testcase name="createNewGroup[2](GroupData{groupId='2147483647', groupName='test 2'})" classname="test.selenium.testcases.NewGroup" time="1.452"/>
  <system-out><![CDATA[]]></system-out>
  <system-err><![CDATA[]]></system-err>
</testsuite>
